2024-03-29 17:17:15,544 INFO  [Log] ****************           -S-T-A-R-T-Login Testcase       **************** 
2024-03-29 17:17:16,031 INFO  [Log] Successfully entered the usernamehima@abb.com 
2024-03-29 17:17:16,031 INFO  [Log] Successfully entered the passwordchindu@7022 
2024-03-29 17:23:16,267 INFO  [Log] ****************           -S-T-A-R-T-Login Testcase       **************** 
2024-03-29 17:23:16,700 INFO  [Log] Successfully entered the username:hima@abb.com 
2024-03-29 17:23:17,079 INFO  [Log] Successfully entered the password: chindu@7022 
2024-03-29 17:23:17,476 WARN  [Log] Please Enter the correct paossword 
2024-03-29 17:23:17,477 INFO  [Log] ***************             -E---N---D-TestCase is Invalid         *************** 
2024-03-29 17:23:19,107 INFO  [Log] ****************           -S-T-A-R-T-Login Testcase       **************** 
2024-03-29 17:23:19,219 INFO  [Log] Successfully entered the username:hima@abb.com 
2024-03-29 17:23:19,220 INFO  [Log] Successfully entered the password: chindu@7022 
2024-03-29 18:30:54,640 INFO  [Log] ****************           -S-T-A-R-T-Login Testcase       **************** 
2024-03-29 18:30:55,140 INFO  [Log] Successfully entered the username:hima@abb.com 
2024-03-29 18:30:55,483 INFO  [Log] Successfully entered the password: chindu@7022 
2024-03-29 18:30:55,951 WARN  [Log] Please Enter the correct paossword 
2024-03-29 18:30:55,952 INFO  [Log] ***************             -E---N---D-TestCase is Invalid         *************** 
2024-03-29 18:30:57,631 INFO  [Log] ****************           -S-T-A-R-T-Login Testcase       **************** 
2024-03-29 18:30:57,760 INFO  [Log] Successfully entered the username:hima@abb.com 
2024-03-29 18:30:57,761 INFO  [Log] Successfully entered the password: chindu@7022 
2024-03-31 21:17:55,642 INFO  [Log] ****************           -S-T-A-R-T-Login Testcase1       **************** 
2024-03-31 21:17:56,077 INFO  [Log] Successfully entered the username:hima@abb.com 
2024-03-31 21:18:37,131 INFO  [Log] ****************           -S-T-A-R-T-Login Testcase       **************** 
2024-03-31 21:18:37,272 INFO  [Log] Successfully entered the username:hima@abb.com 
2024-03-31 21:18:37,273 INFO  [Log] Successfully entered the password: chindu@7022 
2024-03-31 21:20:34,207 INFO  [Log] ****************           -S-T-A-R-T-Login Testcase1       **************** 
2024-03-31 21:20:34,332 INFO  [Log] Successfully entered the username:hima@abb.com 
2024-03-31 21:20:34,333 INFO  [Log] Successfully entered the password: chindu@7022 
2024-03-31 21:28:37,329 INFO  [Log] ****************           -S-T-A-R-T-Login Testcase       **************** 
2024-03-31 21:28:37,695 INFO  [Log] Successfully entered the username:hima@abb.com 
2024-03-31 21:42:48,494 INFO  [Log] ****************           -S-T-A-R-T-Login Testcase       **************** 
2024-03-31 21:42:48,904 INFO  [Log] Successfully entered the username:hima@abb.com 
2024-03-31 21:55:12,932 INFO  [Log] ****************           -S-T-A-R-T-Login Testcase       **************** 
2024-03-31 21:55:13,285 INFO  [Log] Successfully entered the username:hima@abb.com 
2024-03-31 21:55:55,003 INFO  [Log] ****************           -S-T-A-R-T-Login Testcase       **************** 
2024-03-31 21:55:55,457 INFO  [Log] Successfully entered the username:hima@abb.com 
2024-04-01 17:37:50,719 INFO  [Log] ****************           -S-T-A-R-T-Login Testcase       **************** 
2024-04-01 17:37:51,217 INFO  [Log] Successfully entered the username:hima@abb.com 
2024-04-01 17:37:51,498 INFO  [Log] Successfully entered the password: chindu@7022 
2024-04-01 17:37:51,963 WARN  [Log] Please Enter the correct paossword 
2024-04-01 17:37:51,964 INFO  [Log] ***************             -E---N---D-TestCase is Invalid         *************** 
2024-04-01 17:37:53,585 INFO  [Log] ****************           -S-T-A-R-T-Login Testcase       **************** 
2024-04-01 17:37:53,712 INFO  [Log] Successfully entered the username:hima@abb.com 
2024-04-01 17:37:58,117 INFO  [Log] ****************           -S-T-A-R-T-Login Testcase1       **************** 
2024-04-01 17:37:58,237 INFO  [Log] Successfully entered the username:hima@abb.com 
2024-04-01 17:37:58,238 INFO  [Log] Successfully entered the password: chindu@7022 
2024-04-01 17:38:39,428 INFO  [Log] ****************           -S-T-A-R-T-Login Testcase       **************** 
2024-04-01 17:38:39,835 INFO  [Log] Successfully entered the username:hima@abb.com 
2024-04-01 17:38:40,091 INFO  [Log] Successfully entered the password: chindu@7022 
2024-04-01 17:38:40,670 WARN  [Log] Please Enter the correct paossword 
2024-04-01 17:38:40,670 INFO  [Log] ***************             -E---N---D-TestCase is Invalid         *************** 
2024-04-01 17:38:42,265 INFO  [Log] ****************           -S-T-A-R-T-Login Testcase       **************** 
2024-04-01 17:38:42,369 INFO  [Log] Successfully entered the username:hima@abb.com 
2024-04-01 17:38:46,455 INFO  [Log] ****************           -S-T-A-R-T-Login Testcase1       **************** 
2024-04-01 17:38:46,564 INFO  [Log] Successfully entered the username:hima@abb.com 
2024-04-01 17:38:46,565 INFO  [Log] Successfully entered the password: chindu@7022 
2024-04-01 17:50:19,440 INFO  [Log] ****************           -S-T-A-R-T-ForgotPassword TestCase       **************** 
2024-04-01 17:50:56,367 INFO  [Log] ****************           -S-T-A-R-T-ForgotPassword TestCase       **************** 
2024-04-01 17:57:10,129 INFO  [Log] ****************           -S-T-A-R-T-ForgotPassword TestCase       **************** 
2024-04-01 18:02:43,766 INFO  [Log] ****************           -S-T-A-R-T-ForgotPassword TestCase       **************** 
2024-04-01 18:09:13,786 INFO  [Log] ****************           -S-T-A-R-T-Login Testcase       **************** 
2024-04-01 18:09:14,239 INFO  [Log] Successfully entered the username:hima@abb.com 
2024-04-01 18:09:14,487 INFO  [Log] Successfully entered the password: chindu@7022 
2024-04-01 18:09:15,012 WARN  [Log] Please Enter the correct paossword 
2024-04-01 18:09:15,013 INFO  [Log] ***************             -E---N---D-TestCase is Invalid         *************** 
2024-04-01 18:09:16,708 INFO  [Log] ****************           -S-T-A-R-T-Login Testcase       **************** 
2024-04-01 18:09:16,847 INFO  [Log] Successfully entered the username:hima@abb.com 
2024-04-01 18:09:20,910 INFO  [Log] ****************           -S-T-A-R-T-Login Testcase1       **************** 
2024-04-01 18:09:21,014 INFO  [Log] Successfully entered the username:hima@abb.com 
2024-04-01 18:09:21,015 INFO  [Log] Successfully entered the password: chindu@7022 
2024-04-01 18:09:27,584 INFO  [Log] ****************           -S-T-A-R-T-ForgotPassword TestCase       **************** 
2024-04-01 18:14:42,152 INFO  [Log] ****************           -S-T-A-R-T-ForgotPassword TestCase       **************** 
2024-04-01 18:16:45,521 INFO  [Log] ****************           -S-T-A-R-T-ForgotPassword TestCase       **************** 
2024-04-01 18:22:23,307 INFO  [Log] ****************           -S-T-A-R-T-WrongUsernmae and Password       **************** 
2024-04-01 21:10:27,181 INFO  [Log] ****************           -S-T-A-R-T-Login Testcase1       **************** 
2024-04-01 21:10:27,434 INFO  [Log] Successfully entered the username:hima@abb.com 
2024-04-01 21:10:27,435 INFO  [Log] Successfully entered the password: chindu@7022 
2024-04-01 21:32:06,271 INFO  [Log] ****************           -S-T-A-R-T-Login Testcase5       **************** 
2024-04-01 21:37:18,398 INFO  [Log] ****************           -S-T-A-R-T-Login Testcase5       **************** 
2024-04-01 21:41:43,628 INFO  [Log] ****************           -S-T-A-R-T-Login Testcase5       **************** 
2024-04-01 21:43:13,697 INFO  [Log] ****************           -S-T-A-R-T-Login Testcase5       **************** 
2024-04-01 21:52:38,641 INFO  [Log] ****************           -S-T-A-R-T-Login Testcase5       **************** 
2024-04-01 21:56:14,416 INFO  [Log] ****************           -S-T-A-R-T-Login Testcase5       **************** 
2024-04-01 21:57:09,929 INFO  [Log] ****************           -S-T-A-R-T-Login Testcase5       **************** 
2024-04-01 21:59:04,418 INFO  [Log] ****************           -S-T-A-R-T-Login Testcase5       **************** 
2024-04-01 22:09:51,149 INFO  [Log] ****************           -S-T-A-R-T-Login Testcase5       **************** 
2024-04-02 08:43:22,947 INFO  [Log] ****************           -S-T-A-R-T-Login Testcase5       **************** 
2024-04-02 08:49:44,492 INFO  [Log] ****************           -S-T-A-R-T-Login Testcase5       **************** 
2024-04-02 08:55:16,491 INFO  [Log] ****************           -S-T-A-R-T-Login Testcase5       **************** 
2024-04-02 08:55:19,809 INFO  [Log] ****************           -S-T-A-R-T-Login Testcase5       **************** 
2024-04-02 08:56:21,481 INFO  [Log] ****************           -S-T-A-R-T-Login Testcase5       **************** 
2024-04-02 10:22:40,852 INFO  [Log] ****************           -S-T-A-R-T-Login Testcase5       **************** 
2024-04-02 10:34:02,152 INFO  [Log] ****************           -S-T-A-R-T-Login Testcase5       **************** 
2024-04-02 10:44:59,658 INFO  [Log] ****************           -S-T-A-R-T-Login Testcase1       **************** 
2024-04-02 10:45:00,082 INFO  [Log] Successfully entered the username:hima@abb.com 
2024-04-02 10:45:00,083 INFO  [Log] Successfully entered the password: chindu@7022 
2024-04-02 10:54:33,247 INFO  [Log] ****************           -S-T-A-R-T-Login Testcase1       **************** 
2024-04-02 10:54:33,642 INFO  [Log] Successfully entered the username:hima@abb.com 
2024-04-02 10:54:33,643 INFO  [Log] Successfully entered the password: chindu@7022 
2024-04-02 10:59:02,396 INFO  [Log] ****************           -S-T-A-R-T-Login Testcase5       **************** 
2024-04-02 11:01:49,456 INFO  [Log] ****************           -S-T-A-R-T-Login Testcase5       **************** 
2024-04-02 11:01:53,369 INFO  [Log] ****************           -S-T-A-R-T-Login Testcase5       **************** 
2024-04-02 15:53:43,958 INFO  [Log] ****************           -S-T-A-R-T-Login Testcase5       **************** 
2024-04-02 15:53:48,410 INFO  [Log] ****************           -S-T-A-R-T-Login Testcase7       **************** 
2024-04-02 15:55:42,848 INFO  [Log] ****************           -S-T-A-R-T-Login Testcase5       **************** 
2024-04-02 15:55:46,659 INFO  [Log] ****************           -S-T-A-R-T-Login Testcase7       **************** 
2024-04-02 15:57:19,727 INFO  [Log] ****************           -S-T-A-R-T-Login Testcase5       **************** 
2024-04-02 15:57:23,405 INFO  [Log] ****************           -S-T-A-R-T-Login Testcase7       **************** 
2024-04-02 16:01:46,893 INFO  [Log] ****************           -S-T-A-R-T-Login Testcase5       **************** 
2024-04-02 16:01:51,086 INFO  [Log] ****************           -S-T-A-R-T-Login Testcase7       **************** 
2024-04-02 16:06:36,398 INFO  [Log] ****************           -S-T-A-R-T-Login Testcase5       **************** 
2024-04-02 16:06:41,580 INFO  [Log] ****************           -S-T-A-R-T-Login Testcase7       **************** 
2024-04-02 16:35:42,885 INFO  [Log] ****************           -S-T-A-R-T-Login Testcase5       **************** 
2024-04-02 16:40:43,475 INFO  [Log] ****************           -S-T-A-R-T-Login Testcase5       **************** 
2024-04-02 16:42:18,370 INFO  [Log] ****************           -S-T-A-R-T-Login Testcase5       **************** 
2024-04-02 16:42:25,793 INFO  [Log] ****************           -S-T-A-R-T-Login Testcase5       **************** 
2024-04-02 16:43:05,234 INFO  [Log] ****************           -S-T-A-R-T-Login Testcase5       **************** 
2024-04-02 16:43:12,378 INFO  [Log] ****************           -S-T-A-R-T-Login Testcase5       **************** 
2024-04-02 16:43:28,411 INFO  [Log] ****************           -S-T-A-R-T-Login Testcase5       **************** 
2024-04-02 16:43:35,519 INFO  [Log] ****************           -S-T-A-R-T-Login Testcase5       **************** 
2024-04-02 16:44:25,429 INFO  [Log] ****************           -S-T-A-R-T-Login Testcase       **************** 
2024-04-02 16:44:25,943 INFO  [Log] Successfully entered the username:hima@abb.com 
2024-04-02 16:44:26,318 INFO  [Log] Successfully entered the password: chindu@7022 
2024-04-02 16:44:26,714 WARN  [Log] Please Enter the correct paossword 
2024-04-02 16:44:26,714 INFO  [Log] ***************             -E---N---D-TestCase is Invalid         *************** 
2024-04-02 16:44:28,382 INFO  [Log] ****************           -S-T-A-R-T-Login Testcase1       **************** 
2024-04-02 16:44:28,491 INFO  [Log] Successfully entered the username:hima@abb.com 
2024-04-02 16:44:32,619 INFO  [Log] ****************           -S-T-A-R-T-Login Testcase2       **************** 
2024-04-02 16:44:32,737 INFO  [Log] Successfully entered the username:hima@abb.com 
2024-04-02 16:44:32,739 INFO  [Log] Successfully entered the password: chindu@7022 
2024-04-02 16:44:39,071 INFO  [Log] ****************           -S-T-A-R-T-Login Testcase1       **************** 
2024-04-02 16:44:39,176 INFO  [Log] Successfully entered the username:hima@abb.com 
2024-04-02 16:44:39,176 INFO  [Log] Successfully entered the password: chindu@7022 
2024-04-02 16:44:44,521 INFO  [Log] ****************           -S-T-A-R-T-WrongUsernmae and Password       **************** 
2024-04-02 16:44:46,492 INFO  [Log] ****************           -S-T-A-R-T-ForgotPassword TestCase       **************** 
2024-04-02 16:45:41,180 INFO  [Log] ****************           -S-T-A-R-T-Login Testcase5       **************** 
2024-04-02 16:45:44,797 INFO  [Log] ****************           -S-T-A-R-T-Login Testcase5       **************** 
2024-04-02 16:46:32,055 INFO  [Log] ****************           -S-T-A-R-T-Login Testcase5       **************** 
2024-04-02 16:46:35,613 INFO  [Log] ****************           -S-T-A-R-T-Login Testcase5       **************** 
2024-04-02 16:46:51,636 INFO  [Log] ****************           -S-T-A-R-T-Login Testcase5       **************** 
2024-04-02 16:46:55,039 INFO  [Log] ****************           -S-T-A-R-T-Login Testcase6       **************** 
2024-04-02 16:51:04,682 INFO  [Log] ****************           -S-T-A-R-T-Login Testcase5       **************** 
2024-04-02 16:51:08,672 INFO  [Log] ****************           -S-T-A-R-T-Login Testcase6       **************** 
2024-04-02 16:52:35,278 INFO  [Log] ****************           -S-T-A-R-T-Login Testcase5       **************** 
2024-04-02 16:52:42,428 INFO  [Log] ****************           -S-T-A-R-T-Login Testcase5       **************** 
2024-04-02 16:54:05,989 INFO  [Log] ****************           -S-T-A-R-T-Login Testcase5       **************** 
2024-04-02 16:54:13,988 INFO  [Log] ****************           -S-T-A-R-T-Login Testcase5       **************** 
2024-04-02 17:35:50,146 INFO  [Log] ****************           -S-T-A-R-T-Login Testcase5       **************** 
2024-04-02 17:35:54,216 INFO  [Log] ****************           -S-T-A-R-T-Login Testcase5       **************** 
2024-04-02 17:35:54,271 INFO  [Log] ****************           -S-T-A-R-T-Login Testcase5       **************** 
2024-04-02 17:38:18,695 INFO  [Log] ****************           -S-T-A-R-T-Login Testcase5       **************** 
2024-04-02 17:38:22,459 INFO  [Log] ****************           -S-T-A-R-T-Login Testcase6       **************** 
2024-04-03 22:11:18,711 INFO  [Log] ****************           -S-T-A-R-T-Login Testcase5       **************** 
2024-04-03 22:12:57,111 INFO  [Log] ****************           -S-T-A-R-T-Login Testcase5       **************** 
2024-04-03 22:13:01,498 INFO  [Log] ****************           -S-T-A-R-T-Login Testcase5       **************** 
2024-04-03 22:13:01,541 INFO  [Log] ****************           -S-T-A-R-T-Login Testcase5       **************** 
2024-04-03 22:14:13,581 INFO  [Log] ****************           -S-T-A-R-T-Login Testcase5       **************** 
2024-04-03 22:15:51,728 INFO  [Log] ****************           -S-T-A-R-T-Login Testcase5       **************** 
2024-04-03 22:15:55,525 INFO  [Log] ****************           -S-T-A-R-T-Login Testcase5       **************** 
2024-04-03 22:15:55,566 INFO  [Log] ****************           -S-T-A-R-T-Login Testcase5       **************** 
2024-04-03 22:16:19,173 INFO  [Log] ****************           -S-T-A-R-T-Login Testcase5       **************** 
2024-04-03 23:00:35,017 INFO  [Log] ****************           -S-T-A-R-T-Login Testcase5       **************** 
2024-04-03 23:00:37,755 INFO  [Log] ****************           -S-T-A-R-T-Accounts Testcase10       **************** 
2024-04-03 23:02:58,243 INFO  [Log] ****************           -S-T-A-R-T-Login Testcase5       **************** 
2024-04-03 23:03:00,795 INFO  [Log] ****************           -S-T-A-R-T-Accounts Testcase10       **************** 
2024-04-03 23:04:15,609 INFO  [Log] ****************           -S-T-A-R-T-Login Testcase5       **************** 
2024-04-03 23:04:18,106 INFO  [Log] ****************           -S-T-A-R-T-Accounts Testcase10       **************** 
2024-04-03 23:06:50,848 INFO  [Log] ****************           -S-T-A-R-T-Login Testcase5       **************** 
2024-04-03 23:06:53,271 INFO  [Log] ****************           -S-T-A-R-T-Accounts Testcase10       **************** 
2024-04-03 23:10:26,828 INFO  [Log] ****************           -S-T-A-R-T-Login Testcase5       **************** 
2024-04-03 23:10:29,404 INFO  [Log] ****************           -S-T-A-R-T-Accounts Testcase10       **************** 
2024-04-03 23:16:10,653 INFO  [Log] ****************           -S-T-A-R-T-Login Testcase5       **************** 
2024-04-03 23:16:13,177 INFO  [Log] ****************           -S-T-A-R-T-Accounts Testcase10       **************** 
2024-04-03 23:17:03,874 INFO  [Log] ****************           -S-T-A-R-T-Login Testcase5       **************** 
2024-04-03 23:17:07,654 INFO  [Log] ****************           -S-T-A-R-T-Login Testcase5       **************** 
2024-04-03 23:17:27,693 INFO  [Log] ****************           -S-T-A-R-T-Login Testcase5       **************** 
2024-04-03 23:17:31,682 INFO  [Log] ****************           -S-T-A-R-T-Login Testcase6       **************** 
2024-04-03 23:17:57,892 INFO  [Log] ****************           -S-T-A-R-T-Login Testcase5       **************** 
2024-04-03 23:18:01,666 INFO  [Log] ****************           -S-T-A-R-T-Login Testcase5       **************** 
2024-04-03 23:18:25,379 INFO  [Log] ****************           -S-T-A-R-T-Login Testcase5       **************** 
2024-04-03 23:18:29,281 INFO  [Log] ****************           -S-T-A-R-T-Login Testcase7       **************** 
2024-04-03 23:19:05,017 INFO  [Log] ****************           -S-T-A-R-T-Login Testcase       **************** 
2024-04-03 23:19:05,282 INFO  [Log] Successfully entered the username:hima@abb.com 
2024-04-03 23:19:05,555 INFO  [Log] Successfully entered the password: chindu@7022 
2024-04-03 23:19:06,053 WARN  [Log] Please Enter the correct paossword 
2024-04-03 23:19:06,053 INFO  [Log] ***************             -E---N---D-TestCase is Invalid         *************** 
2024-04-03 23:19:07,912 INFO  [Log] ****************           -S-T-A-R-T-Login Testcase1       **************** 
2024-04-03 23:19:08,020 INFO  [Log] Successfully entered the username:hima@abb.com 
2024-04-03 23:19:12,110 INFO  [Log] ****************           -S-T-A-R-T-Login Testcase2       **************** 
2024-04-03 23:19:12,219 INFO  [Log] Successfully entered the username:hima@abb.com 
2024-04-03 23:19:12,220 INFO  [Log] Successfully entered the password: chindu@7022 
2024-04-03 23:19:18,718 INFO  [Log] ****************           -S-T-A-R-T-Login Testcase1       **************** 
2024-04-03 23:19:18,830 INFO  [Log] Successfully entered the username:hima@abb.com 
2024-04-03 23:19:18,831 INFO  [Log] Successfully entered the password: chindu@7022 
2024-04-03 23:19:24,070 INFO  [Log] ****************           -S-T-A-R-T-WrongUsernmae and Password       **************** 
2024-04-03 23:19:26,302 INFO  [Log] ****************           -S-T-A-R-T-ForgotPassword TestCase       **************** 
2024-04-03 23:19:29,416 INFO  [Log] ****************           -S-T-A-R-T-Login Testcase5       **************** 
2024-04-03 23:19:34,695 INFO  [Log] ****************           -S-T-A-R-T-Login Testcase5       **************** 
2024-04-03 23:19:34,723 INFO  [Log] ****************           -S-T-A-R-T-Login Testcase5       **************** 
2024-04-03 23:21:29,701 INFO  [Log] ****************           -S-T-A-R-T-Login Testcase5       **************** 
2024-04-03 23:21:33,312 INFO  [Log] ****************           -S-T-A-R-T-Login Testcase6       **************** 
2024-04-03 23:21:42,235 INFO  [Log] ****************           -S-T-A-R-T-Login Testcase5       **************** 
2024-04-03 23:23:00,004 INFO  [Log] ****************           -S-T-A-R-T-Login Testcase5       **************** 
2024-04-03 23:23:03,872 INFO  [Log] ****************           -S-T-A-R-T-Login Testcase7       **************** 
2024-04-03 23:23:23,592 INFO  [Log] ****************           -S-T-A-R-T-Login Testcase5       **************** 
2024-04-03 23:23:27,417 INFO  [Log] ****************           -S-T-A-R-T-Login Testcase6       **************** 
2024-04-03 23:24:36,688 INFO  [Log] ****************           -S-T-A-R-T-Login Testcase5       **************** 
2024-04-03 23:24:39,217 INFO  [Log] ****************           -S-T-A-R-T-Login Testcase6       **************** 
2024-04-03 23:24:50,816 INFO  [Log] ****************           -S-T-A-R-T-Login Testcase7       **************** 
2024-04-03 23:25:48,032 INFO  [Log] ****************           -S-T-A-R-T-Login Testcase5       **************** 
2024-04-03 23:25:50,586 INFO  [Log] ****************           -S-T-A-R-T-Login Testcase6       **************** 
2024-04-03 23:26:02,873 INFO  [Log] ****************           -S-T-A-R-T-Login Testcase7       **************** 
2024-04-03 23:27:23,500 INFO  [Log] ****************           -S-T-A-R-T-Accounts Testcase10       **************** 
2024-04-03 23:29:39,856 INFO  [Log] ****************           -S-T-A-R-T-Accounts Testcase10       **************** 
2024-04-03 23:32:21,573 INFO  [Log] ****************           -S-T-A-R-T-Accounts Testcase10       **************** 
2024-04-03 23:34:34,842 INFO  [Log] ****************           -S-T-A-R-T-Accounts Testcase10       **************** 
2024-04-03 23:36:14,716 INFO  [Log] ****************           -S-T-A-R-T-Accounts Testcase10       **************** 
2024-04-04 15:22:08,041 INFO  [Log] ****************           -S-T-A-R-T-Accounts Testcase11       **************** 
2024-04-04 15:33:11,060 INFO  [Log] ****************           -S-T-A-R-T-Accounts Testcase11       **************** 
2024-04-04 16:24:32,370 INFO  [Log] ****************           -S-T-A-R-T-Accounts Testcase11       **************** 
2024-04-04 16:25:31,445 INFO  [Log] ****************           -S-T-A-R-T-Accounts Testcase11       **************** 
2024-04-04 16:26:04,583 INFO  [Log] ****************           -S-T-A-R-T-Accounts Testcase11       **************** 
2024-04-04 16:28:06,445 INFO  [Log] ****************           -S-T-A-R-T-Accounts Testcase11       **************** 
2024-04-04 16:29:48,304 INFO  [Log] ****************           -S-T-A-R-T-Accounts Testcase11       **************** 
2024-04-04 16:45:00,355 INFO  [Log] ****************           -S-T-A-R-T-Accounts Testcase13       **************** 
2024-04-04 16:46:09,284 INFO  [Log] ****************           -S-T-A-R-T-Accounts Testcase13       **************** 
2024-04-04 16:47:43,217 INFO  [Log] ****************           -S-T-A-R-T-Accounts Testcase13       **************** 
2024-04-04 16:50:40,579 INFO  [Log] ****************           -S-T-A-R-T-Accounts Testcase13       **************** 
2024-04-04 16:52:15,274 INFO  [Log] ****************           -S-T-A-R-T-Accounts Testcase13       **************** 
2024-04-04 16:55:05,811 INFO  [Log] ****************           -S-T-A-R-T-Accounts Testcase13       **************** 
2024-04-04 16:55:56,410 INFO  [Log] ****************           -S-T-A-R-T-Accounts Testcase13       **************** 
2024-04-04 16:57:38,863 INFO  [Log] ****************           -S-T-A-R-T-Accounts Testcase13       **************** 
2024-04-04 17:27:19,664 INFO  [Log] ****************           -S-T-A-R-T-Accounts Testcase14       **************** 
2024-04-04 17:32:40,898 INFO  [Log] ****************           -S-T-A-R-T-Accounts Testcase14       **************** 
2024-04-04 17:35:11,446 INFO  [Log] ****************           -S-T-A-R-T-Accounts Testcase14       **************** 
2024-04-04 17:36:28,209 INFO  [Log] ****************           -S-T-A-R-T-Accounts Testcase14       **************** 
2024-04-04 17:56:48,893 INFO  [Log] ****************           -S-T-A-R-T-oppurtunity Testcase15       **************** 
2024-04-04 20:39:51,383 INFO  [Log] ****************           -S-T-A-R-T-oppurtunity Testcase16       **************** 
2024-04-04 20:43:39,246 INFO  [Log] ****************           -S-T-A-R-T-oppurtunity Testcase16       **************** 
2024-04-04 20:45:54,786 INFO  [Log] ****************           -S-T-A-R-T-oppurtunity Testcase16       **************** 
2024-04-04 20:54:53,368 INFO  [Log] ****************           -S-T-A-R-T-oppurtunity Testcase19       **************** 
2024-04-04 21:05:54,451 INFO  [Log] ****************           -S-T-A-R-T-oppurtunity Testcase15       **************** 
2024-04-04 21:12:05,020 INFO  [Log] ****************           -S-T-A-R-T-Leads Testcase 21       **************** 
2024-04-04 21:13:28,046 INFO  [Log] ****************           -S-T-A-R-T-Leads Testcase 21       **************** 
2024-04-04 21:17:05,886 INFO  [Log] ****************           -S-T-A-R-T-Leads Testcase 21       **************** 
2024-04-04 21:22:48,436 INFO  [Log] ****************           -S-T-A-R-T-Leads Testcase 22       **************** 
2024-04-04 21:25:44,402 INFO  [Log] ****************           -S-T-A-R-T-Leads Testcase 22       **************** 
2024-04-04 21:33:41,735 INFO  [Log] ****************           -S-T-A-R-T-Leads Testcase 22       **************** 
2024-04-04 21:35:33,692 INFO  [Log] ****************           -S-T-A-R-T-Leads Testcase 22       **************** 
2024-04-04 21:39:00,193 INFO  [Log] ****************           -S-T-A-R-T-Leads Testcase 22       **************** 
2024-04-04 21:40:45,596 INFO  [Log] ****************           -S-T-A-R-T-Leads Testcase 22       **************** 
2024-04-04 21:41:42,468 INFO  [Log] ****************           -S-T-A-R-T-Login Testcase       **************** 
2024-04-04 21:41:42,879 INFO  [Log] Successfully entered the username:hima@abb.com 
2024-04-04 21:41:43,265 INFO  [Log] Successfully entered the password: chindu@7022 
2024-04-04 21:41:43,794 WARN  [Log] Please Enter the correct paossword 
2024-04-04 21:41:43,795 INFO  [Log] ***************             -E---N---D-TestCase is Invalid         *************** 
2024-04-04 21:42:02,393 INFO  [Log] ****************           -S-T-A-R-T-Leads Testcase 22       **************** 
2024-04-04 21:46:30,960 INFO  [Log] ****************           -S-T-A-R-T-Leads Testcase 23       **************** 
2024-04-04 21:47:20,184 INFO  [Log] ****************           -S-T-A-R-T-Leads Testcase 23       **************** 
2024-04-04 21:55:44,747 INFO  [Log] ****************           -S-T-A-R-T-Leads Testcase 23       **************** 
2024-04-05 21:34:39,667 INFO  [Log] ****************           -S-T-A-R-T-Contacts Testcase27       **************** 
2024-04-05 21:36:44,515 INFO  [Log] ****************           -S-T-A-R-T-Contacts Testcase27       **************** 
2024-04-05 22:13:30,950 INFO  [Log] ****************           -S-T-A-R-T-Contacts Testcase27       **************** 
2024-04-05 22:14:19,093 INFO  [Log] ****************           -S-T-A-R-T-Contacts Testcase27       **************** 
2024-04-05 22:17:00,775 INFO  [Log] ****************           -S-T-A-R-T-Contacts Testcase27       **************** 
2024-04-05 22:21:11,216 INFO  [Log] ****************           -S-T-A-R-T-Contacts Testcase27       **************** 
2024-04-05 22:23:53,500 INFO  [Log] ****************           -S-T-A-R-T-Contacts Testcase28       **************** 
2024-04-05 22:35:29,981 INFO  [Log] ****************           -S-T-A-R-T-Contacts Testcase29       **************** 
2024-04-05 22:36:04,845 INFO  [Log] ****************           -S-T-A-R-T-Contacts Testcase25       **************** 
2024-04-05 22:36:09,040 INFO  [Log] ****************           -S-T-A-R-T-Contacts Testcase26       **************** 
2024-04-05 22:36:11,821 INFO  [Log] ****************           -S-T-A-R-T-Contacts Testcase29       **************** 
2024-04-05 22:36:13,461 INFO  [Log] ****************           -S-T-A-R-T-Contacts Testcase27       **************** 
2024-04-05 22:36:17,105 INFO  [Log] ****************           -S-T-A-R-T-Contacts Testcase28       **************** 
2024-04-05 22:38:03,217 INFO  [Log] ****************           -S-T-A-R-T-Contacts Testcase26       **************** 
2024-04-05 22:38:31,037 INFO  [Log] ****************           -S-T-A-R-T-Contacts Testcase28       **************** 
2024-04-05 22:46:51,020 INFO  [Log] ****************           -S-T-A-R-T-Contacts Testcase28       **************** 
2024-04-05 23:12:55,887 INFO  [Log] ****************           -S-T-A-R-T-Contacts Testcase30       **************** 
2024-04-05 23:14:28,095 INFO  [Log] ****************           -S-T-A-R-T-Contacts Testcase30       **************** 
2024-04-05 23:16:53,441 INFO  [Log] ****************           -S-T-A-R-T-Contacts Testcase30       **************** 
2024-04-05 23:23:37,022 INFO  [Log] ****************           -S-T-A-R-T-Contacts Testcase31       **************** 
2024-04-05 23:30:05,664 INFO  [Log] ****************           -S-T-A-R-T-Contacts Testcase29       **************** 
2024-04-05 23:31:02,695 INFO  [Log] ****************           -S-T-A-R-T-Contacts Testcase29       **************** 
2024-04-05 23:35:23,457 INFO  [Log] ****************           -S-T-A-R-T-Contacts Testcase29       **************** 
2024-04-07 12:44:43,303 INFO  [Log] ****************           -S-T-A-R-T-Contacts Testcase34       **************** 
2024-04-07 12:46:59,143 INFO  [Log] ****************           -S-T-A-R-T-Contacts Testcase34       **************** 
2024-04-07 13:21:39,499 INFO  [Log] ****************           -S-T-A-R-T-Contacts Testcase35       **************** 
2024-04-07 13:23:30,278 INFO  [Log] ****************           -S-T-A-R-T-Contacts Testcase35       **************** 
2024-04-07 13:24:28,987 INFO  [Log] ****************           -S-T-A-R-T-Contacts Testcase35       **************** 
2024-04-07 13:26:51,411 INFO  [Log] ****************           -S-T-A-R-T-Contacts Testcase35       **************** 
2024-04-07 13:27:42,132 INFO  [Log] ****************           -S-T-A-R-T-Contacts Testcase35       **************** 
2024-04-07 14:06:48,205 INFO  [Log] ****************           -S-T-A-R-T-Contacts Testcase36       **************** 
2024-04-07 14:08:13,643 INFO  [Log] ****************           -S-T-A-R-T-Contacts Testcase36       **************** 
2024-04-07 14:10:34,786 INFO  [Log] ****************           -S-T-A-R-T-Contacts Testcase36       **************** 
2024-04-07 14:11:12,740 INFO  [Log] ****************           -S-T-A-R-T-Contacts Testcase36       **************** 
2024-04-07 14:13:20,278 INFO  [Log] ****************           -S-T-A-R-T-Contacts Testcase36       **************** 
2024-04-07 14:14:19,337 INFO  [Log] ****************           -S-T-A-R-T-Contacts Testcase36       **************** 
2024-04-07 14:57:42,673 INFO  [Log] ****************           -S-T-A-R-T-Contacts Testcase36       **************** 
2024-04-07 14:59:35,616 INFO  [Log] ****************           -S-T-A-R-T-Contacts Testcase36       **************** 
2024-04-07 15:16:57,470 INFO  [Log] ****************           -S-T-A-R-T-Contacts Testcase36       **************** 
2024-04-07 15:27:18,027 INFO  [Log] ****************           -S-T-A-R-T-Contacts Testcase36       **************** 
2024-04-07 15:27:57,937 INFO  [Log] ****************           -S-T-A-R-T-Contacts Testcase34       **************** 
2024-04-07 15:28:04,697 INFO  [Log] ****************           -S-T-A-R-T-Contacts Testcase35       **************** 
2024-04-07 15:28:08,453 INFO  [Log] ****************           -S-T-A-R-T-Contacts Testcase36       **************** 
2024-04-07 15:28:14,345 INFO  [Log] ****************           -S-T-A-R-T-Contacts Testcase36       **************** 
2024-04-07 15:28:20,624 INFO  [Log] ****************           -S-T-A-R-T-Contacts Testcase33       **************** 
2024-04-08 10:31:32,955 INFO  [Log] ****************           -S-T-A-R-T-Accounts Testcase10       **************** 
2024-04-08 10:35:24,759 INFO  [Log] ****************           -S-T-A-R-T-Login Testcase2       **************** 
2024-04-08 10:35:25,267 INFO  [Log] Successfully entered the username:hima@abb.com 
2024-04-08 10:35:25,268 INFO  [Log] Successfully entered the password: chindu@7022 
2024-04-08 11:05:30,394 INFO  [Log] ****************           -S-T-A-R-T-Login Testcase2       **************** 
2024-04-08 11:05:30,858 INFO  [Log] Successfully entered the username:hima@abb.com 
2024-04-08 11:05:30,860 INFO  [Log] Successfully entered the password: chindu@7022 
2024-04-08 11:07:25,976 INFO  [Log] ****************           -S-T-A-R-T-Login Testcase1       **************** 
2024-04-08 11:07:26,403 INFO  [Log] Successfully entered the username:hima@abb.com 
2024-04-08 11:09:35,842 INFO  [Log] ****************           -S-T-A-R-T-Login Testcase3       **************** 
2024-04-08 11:09:36,328 INFO  [Log] Successfully entered the username:hima@abb.com 
2024-04-08 11:09:36,329 INFO  [Log] Successfully entered the password: chindu@7022 
2024-04-08 11:12:27,965 INFO  [Log] ****************           -S-T-A-R-T-Contacts Testcase29       **************** 
2024-04-08 20:22:57,596 INFO  [Log] ****************           -S-T-A-R-T-Login Testcase6       **************** 
2024-04-08 20:24:39,179 INFO  [Log] ****************           -S-T-A-R-T-Login Testcase6       **************** 
2024-04-08 20:34:21,233 INFO  [Log] ****************           -S-T-A-R-T-Login Testcase6       **************** 
2024-04-08 20:35:40,184 INFO  [Log] ****************           -S-T-A-R-T-Login Testcase6       **************** 
2024-04-08 20:36:39,754 INFO  [Log] ****************           -S-T-A-R-T-Login Testcase6       **************** 
2024-04-08 20:37:17,992 INFO  [Log] ****************           -S-T-A-R-T-Login Testcase6       **************** 
2024-04-08 20:37:52,735 INFO  [Log] ****************           -S-T-A-R-T-Login Testcase6       **************** 
2024-04-08 20:38:52,256 INFO  [Log] ****************           -S-T-A-R-T-Login Testcase6       **************** 
2024-04-08 20:41:52,257 INFO  [Log] ****************           -S-T-A-R-T-Login Testcase6       **************** 
2024-04-08 20:42:37,952 INFO  [Log] ****************           -S-T-A-R-T-Login Testcase6       **************** 
